2009-03-23|Nuclear Nations|4
2009-03-23|Persia (Iran)|5
2009-03-23|Global Turmoil|5
2009-03-23|Drug abuse|2
2009-03-23|Ecumenism|5
2009-03-23|Globalism|4
2009-03-23|Crime Rate|3
2009-03-23|Supernatural|2
2009-03-23|Mark of the Beast|3
2009-03-23|Earthquakes|4
2009-03-23|Moral Standards|3
2009-03-23|Israel|5
2009-03-23|Anti-Semitism|5
2009-03-23|Date Settings|3
2009-03-23|False Christs|3
2009-03-23|Tribulation Temple|2
2009-03-23|Interest Rates|2
2009-03-23|Leadership|5
2009-03-23|Floods|3
2009-03-23|Drought|4
2009-03-23|Occult|3
2009-03-23|Climate|3
2009-03-23|Debt and Trade|5
2009-03-23|Volcanoes|4
2009-03-23|The Peace Process|3
2009-03-23|Civil Rights|3
2009-03-23|Plagues|3
2009-03-23|Gog (Russia)|5
2009-03-23|Financial unrest|5
2009-03-23|Inflation|4
2009-03-23|Beast Government|3
2009-03-23|Wild Weather|3
2009-03-23|The Antichrist|2
2009-03-23|Unemployment|5
2009-03-23|Apostasy|4
2009-03-23|Oil Supply/Price|2
2009-03-23|Satanism|2
2009-03-23|Food Supply|4
2009-03-23|Famine|4
2009-03-23|The False Prophet|3
2009-03-23|Arms Proliferation|4
2009-03-23|Kings of the East|3
2009-03-23|Anti-Christian|3
2009-03-23|The Economy|5
2009-03-23|Liberalism|4
